GROUP,PACKAGE,CLASS,INSTRUCTION_MISSED,INSTRUCTION_COVERED,BRANCH_MISSED,BRANCH_COVERED,LINE_MISSED,LINE_COVERED,COMPLEXITY_MISSED,COMPLEXITY_COVERED,METHOD_MISSED,METHOD_COVERED
devsecops,com.example.devsecops.model,User,22,14,0,0,9,6,4,4,4,4
devsecops,com.example.devsecops.service,CalculatorService,18,0,2,0,4,0,4,0,3,0
devsecops,com.example.devsecops.service,UserService,0,26,0,0,0,6,0,5,0,5
devsecops,com.example,Hello,6,0,0,0,2,0,2,0,2,0
devsecops,com.example.devsecops,DevsecopsApplication,8,0,0,0,3,0,2,0,2,0
devsecops,com.example.devsecops.controller,UserController,12,0,0,0,3,0,3,0,3,0
